e:\sdva213\week 8\week 8 lab my lab\engine\x64\release\vc140.pdb
e:\sdva213\week 8\week 8 lab my lab\engine\x64\release\stdafx.obj
e:\sdva213\week 8\week 8 lab my lab\engine\x64\release\gameobjects.obj
e:\sdva213\week 8\week 8 lab my lab\engine\x64\release\game.obj
e:\sdva213\week 8\week 8 lab my lab\engine\x64\release\engine.obj
e:\sdva213\week 8\week 8 lab my lab\engine\x64\release\engine.exe
e:\sdva213\week 8\week 8 lab my lab\engine\x64\release\engine.ipdb
e:\sdva213\week 8\week 8 lab my lab\engine\x64\release\engine.iobj
e:\sdva213\week 8\week 8 lab my lab\engine\x64\release\engine.pdb
e:\sdva213\week 8\msmith final\engine\x64\release\engine.obj
e:\sdva213\week 8\msmith final\engine\x64\release\game.obj
e:\sdva213\week 8\msmith final\engine\x64\release\gameobjects.obj
e:\sdva213\week 8\msmith final\engine\x64\release\stdafx.obj
e:\sdva213\week 8\msmith final\engine\x64\release\engine.ipdb
e:\sdva213\week 8\msmith final\engine\x64\release\engine.iobj
e:\sdva213\week 8\msmith final\engine\x64\release\engine.pdb
e:\sdva213\week 8\msmith final\engine\x64\release\vc140.pdb
e:\sdva213\week 8\msmith final\engine\x64\release\engine.exe
e:\sdva213\week 8\msmith final\engine\x64\release\engine.tlog\cl.command.1.tlog
e:\sdva213\week 8\msmith final\engine\x64\release\engine.tlog\cl.read.1.tlog
e:\sdva213\week 8\msmith final\engine\x64\release\engine.tlog\cl.write.1.tlog
e:\sdva213\week 8\msmith final\engine\x64\release\engine.tlog\link.command.1.tlog
e:\sdva213\week 8\msmith final\engine\x64\release\engine.tlog\link.read.1.tlog
e:\sdva213\week 8\msmith final\engine\x64\release\engine.tlog\link.write.1.tlog
